<?xml version="1.0" encoding="UTF-8"?>
<!-- Generated by org.testng.reporters.JUnitXMLReporter -->
<testsuite ignored="0" hostname="DESKTOP-B71KRO0" failures="0" tests="4" name="Default test" time="0.214" errors="0" timestamp="2022-11-10T20:38:21 IST">
  <testcase classname="com.tetsNg.TestNg" name="Rammethod2" time="0.038"/>
  <testcase classname="com.tetsNg.TestNg" name="Rammethod3" time="0.014"/>
  <testcase classname="com.tetsNg.TestNg" name="Rammethod6" time="0.003"/>
  <testcase classname="com.tetsNg.TestNg" name="Rammethod1" time="0.003"/>
</testsuite> <!-- Default test -->
