<?xml version="1.0" encoding="UTF-8"?>
<testng-results ignored="0" total="4" passed="4" failed="0" skipped="0">
  <reporter-output>
  </reporter-output>
  <suite started-at="2022-11-10T20:38:21 IST" name="Default suite" finished-at="2022-11-10T20:38:21 IST" duration-ms="214">
    <groups>
    </groups>
    <test started-at="2022-11-10T20:38:21 IST" name="Default test" finished-at="2022-11-10T20:38:21 IST" duration-ms="214">
      <class name="com.tetsNg.TestNg">
        <test-method signature="Rammethod2()[pri:0, instance:com.tetsNg.TestNg@22ef9844]" started-at="2022-11-10T20:38:21 IST" name="Rammethod2" finished-at="2022-11-10T20:38:21 IST" duration-ms="38" status="PASS">
          <reporter-output>
          </reporter-output>
        </test-method> <!-- Rammethod2 -->
        <test-method signature="Rammethod3()[pri:0, instance:com.tetsNg.TestNg@22ef9844]" started-at="2022-11-10T20:38:21 IST" name="Rammethod3" finished-at="2022-11-10T20:38:21 IST" duration-ms="14" status="PASS">
          <reporter-output>
          </reporter-output>
        </test-method> <!-- Rammethod3 -->
        <test-method signature="Rammethod6()[pri:0, instance:com.tetsNg.TestNg@22ef9844]" started-at="2022-11-10T20:38:21 IST" name="Rammethod6" finished-at="2022-11-10T20:38:21 IST" duration-ms="3" status="PASS">
          <reporter-output>
          </reporter-output>
        </test-method> <!-- Rammethod6 -->
        <test-method signature="Rammethod1()[pri:48, instance:com.tetsNg.TestNg@22ef9844]" started-at="2022-11-10T20:38:21 IST" name="Rammethod1" finished-at="2022-11-10T20:38:21 IST" duration-ms="3" status="PASS">
          <reporter-output>
          </reporter-output>
        </test-method> <!-- Rammethod1 -->
      </class> <!-- com.tetsNg.TestNg -->
    </test> <!-- Default test -->
  </suite> <!-- Default suite -->
</testng-results>
